{"name": "test_div_folat", "status": "failed", "statusDetails": {"message": "AssertionError: assert 3.3333333333333335 == 0.33\n +  where 3.3333333333333335 = div(10, 3)", "trace": "@pytest.mark.ha\n    def test_div_folat():\n>       assert div(10, 3) == 0.33\nE       assert 3.3333333333333335 == 0.33\nE        +  where 3.3333333333333335 = div(10, 3)\n\nlx_unittest\\test_unit.py:12: AssertionError"}, "start": 1577435907396, "stop": 1577435907396, "uuid": "b65f979f-dd81-43a9-9547-fa708b6f6c22", "historyId": "50c07d9a44f74e5a2dde9ef2282ee28a", "testCaseId": "fc138922c664799f25f0f6999527e45f", "fullName": "lx_unittest.test_unit#test_div_folat", "labels": [{"name": "tag", "value": "ha"}, {"name": "parentSuite", "value": "lx_unittest"}, {"name": "suite", "value": "test_unit"}, {"name": "host", "value": "USER-20180524KD"}, {"name": "thread", "value": "67160-MainThread"}, {"name": "framework", "value": "pytest"}, {"name": "language", "value": "cpython3"}, {"name": "package", "value": "lx_unittest.test_unit"}]}